/Users/tejashs/anaconda2/bin/python /Users/tejashs/Downloads/ML_Project_Final/Proj2.0/all_code/perceptron/Main2.py
################################
##### DYNAMIC LEARNING RATE PERCEPTRON
################################
Finding Best Hyper parameter by Cross- Validation
-----------------------------------------------------------------------------------------------------------------------
MARGIN : 0 RATE : 1 ACCURACY : 0.80164606331
-----------------------------------------------------------------------------------------------------------------------
MARGIN : 0 RATE : 0.1 ACCURACY : 0.787530036455
-----------------------------------------------------------------------------------------------------------------------
MARGIN : 0 RATE : 0.01 ACCURACY : 0.790904300696
-----------------------------------------------------------------------------------------------------------------------
-------------------------------------------------------------------------------
########## DYNAMIC LEARNING RATE PERCEPTRON
Best Hyper Parameters -  LEARNING RATE : 1 BEST CROSS VALIDATION ACCURACY : 0.80164606331
-------------------------------------------------------------------------------
Predicting Test Examples...
-----------------------------------------------------------------------------------------------------------------------
***********************************************************************************************************************
Test Set Accuracy : 77.3778920308
***********************************************************************************************************************
Predicting Eval Examples... And Generating Output
 --------------------------------------------------
IDs Output File generated ../../data/data-splits/Perceptron_DYNAMIC_lr_1.csv
 --------------------------------------------------
-------------------------------------------------------------------------------
################################
##### AGGRESSIVE MARGIN PERCEPTRON
################################
Finding Best Hyper parameters by Cross- Validation
Will calculate Aggressive Learning Rate for Weight Updates
-----------------------------------------------------------------------------------------------------------------------
Testing for Margin : 1
MARGIN : 1 RATE : 1 ACCURACY : 0.885020903249
-----------------------------------------------------------------------------------------------------------------------
Testing for Margin : 0.1
MARGIN : 0.1 RATE : 1 ACCURACY : 0.885089738225
-----------------------------------------------------------------------------------------------------------------------
Testing for Margin : 0.01
MARGIN : 0.01 RATE : 1 ACCURACY : 0.885158762732
-----------------------------------------------------------------------------------------------------------------------
Testing for Margin : 0.5
MARGIN : 0.5 RATE : 1 ACCURACY : 0.884986497607
-----------------------------------------------------------------------------------------------------------------------
-------------------------------------------------------------------------------
########## AGGRESSIVE MARGIN PERCEPTRON
Best Hyper Parameters - MARGIN : 0.01 BEST CROSS VALIDATION ACCURACY : 0.885158762732
-------------------------------------------------------------------------------
Predicting Test Examples...
-----------------------------------------------------------------------------------------------------------------------
***********************************************************************************************************************
Test Set Accuracy : 81.5552699229
***********************************************************************************************************************
Predicting Eval Examples... And Generating Output
 --------------------------------------------------
IDs Output File generated ../../data/data-splits/Perceptron_AGG_margin_0.01.csv
 --------------------------------------------------
-------------------------------------------------------------------------------

Process finished with exit code 0
