/Users/tejashs/anaconda2/bin/python /Users/tejashs/Downloads/ML_Project_Final/Proj2.0/all_code/bagged_perceptron/Main2.py
################################
##### DYNAMIC LEARNING RATE PERCEPTRON WITH BAGGING
################################
Finding Best Hyper parameter by Cross- Validation
-----------------------------------------------------------------------------------------------------------------------
MARGIN : 0 RATE : 1 ACCURACY : 0.816554012224
-----------------------------------------------------------------------------------------------------------------------
MARGIN : 0 RATE : 0.1 ACCURACY : 0.830291292716
-----------------------------------------------------------------------------------------------------------------------
MARGIN : 0 RATE : 0.01 ACCURACY : 0.816726182584
-----------------------------------------------------------------------------------------------------------------------
-------------------------------------------------------------------------------
########## DYNAMIC LEARNING RATE PERCEPTRON WITH BAGGING
Best Hyper Parameters -  LEARNING RATE : 0.1 BEST CROSS VALIDATION ACCURACY : 0.830291292716
-------------------------------------------------------------------------------
Building 100 Perceptrons...
Predicting Test Examples...
-----------------------------------------------------------------------------------------------------------------------
***********************************************************************************************************************
Test Set Accuracy : 86.5520565553
***********************************************************************************************************************
Predicting Eval Examples... And Generating Output
 --------------------------------------------------
IDs Output File generated ../../data/data-splits/Perceptron_BAGGING_DYNAMIC_lr_0.1.csv
 --------------------------------------------------
-------------------------------------------------------------------------------
################################
##### AGGRESSIVE MARGIN PERCEPTRON WITH BAGGING
################################
Finding Best Hyper parameters by Cross- Validation
Will calculate Aggressive Learning Rate for Weight Updates
-----------------------------------------------------------------------------------------------------------------------
Testing for Margin : 1
MARGIN : 1 RATE : 1 ACCURACY : 0.885020903249
-----------------------------------------------------------------------------------------------------------------------
Testing for Margin : 0.1
MARGIN : 0.1 RATE : 1 ACCURACY : 0.885055332583
-----------------------------------------------------------------------------------------------------------------------
Testing for Margin : 0.01
MARGIN : 0.01 RATE : 1 ACCURACY : 0.88464222796
-----------------------------------------------------------------------------------------------------------------------
Testing for Margin : 0.5
MARGIN : 0.5 RATE : 1 ACCURACY : 0.884917638939
-----------------------------------------------------------------------------------------------------------------------
-------------------------------------------------------------------------------
########## AGGRESSIVE MARGIN PERCEPTRON WITH BAGGING
Best Hyper Parameters - MARGIN : 0.1 BEST CROSS VALIDATION ACCURACY : 0.885055332583
-------------------------------------------------------------------------------
Building 100 Perceptrons...
Predicting Test Examples...
-----------------------------------------------------------------------------------------------------------------------
***********************************************************************************************************************
Test Set Accuracy : 89.6047557841
***********************************************************************************************************************
Predicting Eval Examples... And Generating Output
 --------------------------------------------------
IDs Output File generated ../../data/data-splits/Perceptron_BAGGING_AGG_margin_0.1.csv
 --------------------------------------------------

Process finished with exit code 0
