/Users/tejashs/anaconda2/bin/python /Users/tejashs/Downloads/ML_Project_Final/Proj2.0/all_code/bagged_svm/Main.py
################################
##### SVM WITH BAGGING
################################
Finding Best Hyper parameters by Cross- Validation
-------------------------------------------------------------------------------
[](10, 10, 0.47735095690486024), (10, 1, 0.47735095690486024), (10, 0.1, 0.5229244114002478),
(10, 0.01, 0.8669971086327963), (10, 0.001, 0.8357428060030291), (10, 0.0001, 0.9033457249070632),
(1, 10, 0.45917664876772685), (1, 1, 0.4774886410574143), (1, 0.1, 0.5249896736885584),
(1, 0.01, 0.8877874156684565), (1, 0.001, 0.889577309651659), (1, 0.0001, 0.8943962549910506),
(0.1, 10, 0.41263940520446096), (0.1, 1, 0.7400523199779705), (0.1, 0.1, 0.7695167286245354),
(0.1, 0.01, 0.875671210243701), (0.1, 0.001, 0.8643811097342696), (0.1, 0.0001, 0.8598375326999862),
(0.01, 10, 0.47735095690486024), (0.01, 1, 0.6774060305658819), (0.01, 0.1, 0.5285694616549635),
(0.01, 0.01, 0.5555555555555556), (0.01, 0.001, 0.550185873605948), (0.01, 0.0001, 0.6088393225939694),
(0.001, 10, 0.47735095690486024), (0.001, 1, 0.8594244802423241), (0.001, 0.1, 0.5602368167423929),
(0.001, 0.01, 0.5373812474184222), (0.001, 0.001, 0.6429849924273716), (0.001, 0.0001, 0.47735095690486024),
(0.0001, 10, 0.47735095690486024), (0.0001, 1, 0.5226490430951397), (0.0001, 0.1, 0.8106842902381936),
(0.0001, 0.01, 0.5226490430951397), (0.0001, 0.001, 0.47735095690486024), (0.0001, 0.0001, 0.47735095690486024)]
Best Hyper Parameters - GAMMA : 0.0001 BEST CONSTANT : 10
Training 100 SVM predictors
 --------------------------------------------------
IDs Output File generated ../../data/data-splits/svm_bagged_gamma_0.0001_const_10.csv
 --------------------------------------------------
Test Accuracy : 0.901831619537
-------------------------------------------------------------------------------

Process finished with exit code 0
